<?xml version="1.0" encoding="UTF-8"?>
<!-- Generated by org.testng.reporters.JUnitReportReporter -->
<testsuite skipped="0" hostname="DESKTOP-3P69UET" name="page.ValidLoginLogout" tests="1" failures="0" timestamp="10 Jul 2017 08:52:23 GMT" time="24.970" errors="0">
  <testcase name="testValidLoginLogout" time="24.970" classname="page.ValidLoginLogout"/>
</testsuite> <!-- page.ValidLoginLogout -->
