<?xml version="1.0" encoding="UTF-8"?>
<!-- Generated by org.testng.reporters.JUnitReportReporter -->
<testsuite skipped="0" hostname="DESKTOP-3P69UET" name="script.InvalidLogin" tests="2" failures="0" timestamp="11 Jul 2017 04:00:31 GMT" time="34.783" errors="0">
  <testcase name="testInvalidLogin" time="12.718" classname="script.InvalidLogin"/>
  <testcase name="testInvalidLogin" time="22.065" classname="script.InvalidLogin"/>
</testsuite> <!-- script.InvalidLogin -->
